
190930 10:45:41 [Warning] Using unique option prefix myisam-recover instead of myisam-recover-options is deprecated and will be removed in a future release. Please use the full name instead.
190930 10:45:41 [Note] Plugin 'FEDERATED' is disabled.
190930 10:45:41 InnoDB: The InnoDB memory heap is disabled
190930 10:45:41 InnoDB: Mutexes and rw_locks use GCC atomic builtins
190930 10:45:41 InnoDB: Compressed tables use zlib 1.2.8
190930 10:45:41 InnoDB: Using Linux native AIO
190930 10:45:41 InnoDB: Initializing buffer pool, size = 32.0M
190930 10:45:41 InnoDB: Completed initialization of buffer pool
190930 10:45:41 InnoDB: highest supported file format is Barracuda.
InnoDB: The log sequence number in ibdata files does not match
InnoDB: the log sequence number in the ib_logfiles!
190930 10:45:41  InnoDB: Database was not shut down normally!
InnoDB: Starting crash recovery.
InnoDB: Reading tablespace information from the .ibd files...
InnoDB: Restoring possible half-written data pages from the doublewrite
InnoDB: buffer...
190930 10:45:41  InnoDB: Waiting for the background threads to start
190930 10:45:42 InnoDB: 5.5.60 started; log sequence number 1595916
190930 10:45:42 [Note] Server hostname (bind-address): '0.0.0.0'; port: 3306
190930 10:45:42 [Note]   - '0.0.0.0' resolves to '0.0.0.0';
190930 10:45:42 [Note] Server socket created on IP: '0.0.0.0'.
190930 10:45:42 [ERROR] /usr/sbin/mysqld: Table './mysql/user' is marked as crashed and should be repaired
190930 10:45:42 [Warning] Checking table:   './mysql/user'
190930 10:45:42 [ERROR] 1 client is using or hasn't closed the table properly
190930 10:45:42 [Note] Event Scheduler: Loaded 0 events
190930 10:45:42 [Note] /usr/sbin/mysqld: ready for connections.
Version: '5.5.60-0+deb8u1'  socket: '/var/run/mysqld/mysqld.sock'  port: 3306  (Debian)
191001  7:07:39 [Warning] Using unique option prefix myisam-recover instead of myisam-recover-options is deprecated and will be removed in a future release. Please use the full name instead.
191001  7:07:39 [Note] Plugin 'FEDERATED' is disabled.
191001  7:07:39 InnoDB: The InnoDB memory heap is disabled
191001  7:07:39 InnoDB: Mutexes and rw_locks use GCC atomic builtins
191001  7:07:39 InnoDB: Compressed tables use zlib 1.2.8
191001  7:07:39 InnoDB: Using Linux native AIO
191001  7:07:39 InnoDB: Initializing buffer pool, size = 32.0M
191001  7:07:39 InnoDB: Completed initialization of buffer pool
191001  7:07:39 InnoDB: highest supported file format is Barracuda.
InnoDB: The log sequence number in ibdata files does not match
InnoDB: the log sequence number in the ib_logfiles!
191001  7:07:39  InnoDB: Database was not shut down normally!
InnoDB: Starting crash recovery.
InnoDB: Reading tablespace information from the .ibd files...
InnoDB: Restoring possible half-written data pages from the doublewrite
InnoDB: buffer...
191001  7:07:39  InnoDB: Waiting for the background threads to start
191001  7:07:40 InnoDB: 5.5.60 started; log sequence number 3168305
191001  7:07:40 [Note] Server hostname (bind-address): '0.0.0.0'; port: 3306
191001  7:07:40 [Note]   - '0.0.0.0' resolves to '0.0.0.0';
191001  7:07:40 [Note] Server socket created on IP: '0.0.0.0'.
191001  7:07:40 [Note] Event Scheduler: Loaded 0 events
191001  7:07:40 [Note] /usr/sbin/mysqld: ready for connections.
Version: '5.5.60-0+deb8u1'  socket: '/var/run/mysqld/mysqld.sock'  port: 3306  (Debian)
191001 13:46:16 [Warning] Using unique option prefix myisam-recover instead of myisam-recover-options is deprecated and will be removed in a future release. Please use the full name instead.
191001 13:46:16 [Note] Plugin 'FEDERATED' is disabled.
191001 13:46:16 InnoDB: The InnoDB memory heap is disabled
191001 13:46:16 InnoDB: Mutexes and rw_locks use GCC atomic builtins
191001 13:46:16 InnoDB: Compressed tables use zlib 1.2.8
191001 13:46:16 InnoDB: Using Linux native AIO
191001 13:46:16 InnoDB: Initializing buffer pool, size = 32.0M
191001 13:46:16 InnoDB: Completed initialization of buffer pool
191001 13:46:16 InnoDB: highest supported file format is Barracuda.
InnoDB: The log sequence number in ibdata files does not match
InnoDB: the log sequence number in the ib_logfiles!
191001 13:46:16  InnoDB: Database was not shut down normally!
InnoDB: Starting crash recovery.
InnoDB: Reading tablespace information from the .ibd files...
InnoDB: Restoring possible half-written data pages from the doublewrite
InnoDB: buffer...
191001 13:46:16  InnoDB: Waiting for the background threads to start
191001 13:46:17 InnoDB: 5.5.60 started; log sequence number 3710993
191001 13:46:17 [Note] Server hostname (bind-address): '0.0.0.0'; port: 3306
191001 13:46:17 [Note]   - '0.0.0.0' resolves to '0.0.0.0';
191001 13:46:17 [Note] Server socket created on IP: '0.0.0.0'.
191001 13:46:17 [Note] Event Scheduler: Loaded 0 events
191001 13:46:17 [Note] /usr/sbin/mysqld: ready for connections.
Version: '5.5.60-0+deb8u1'  socket: '/var/run/mysqld/mysqld.sock'  port: 3306  (Debian)
191002 10:24:49 [Warning] Using unique option prefix myisam-recover instead of myisam-recover-options is deprecated and will be removed in a future release. Please use the full name instead.
191002 10:24:49 [Note] Plugin 'FEDERATED' is disabled.
191002 10:24:49 InnoDB: The InnoDB memory heap is disabled
191002 10:24:49 InnoDB: Mutexes and rw_locks use GCC atomic builtins
191002 10:24:49 InnoDB: Compressed tables use zlib 1.2.8
191002 10:24:49 InnoDB: Using Linux native AIO
191002 10:24:49 InnoDB: Initializing buffer pool, size = 32.0M
191002 10:24:49 InnoDB: Completed initialization of buffer pool
191002 10:24:49 InnoDB: highest supported file format is Barracuda.
InnoDB: The log sequence number in ibdata files does not match
InnoDB: the log sequence number in the ib_logfiles!
191002 10:24:49  InnoDB: Database was not shut down normally!
InnoDB: Starting crash recovery.
InnoDB: Reading tablespace information from the .ibd files...
InnoDB: Restoring possible half-written data pages from the doublewrite
InnoDB: buffer...
191002 10:24:49  InnoDB: Waiting for the background threads to start
191002 10:24:50 InnoDB: 5.5.60 started; log sequence number 3815002
191002 10:24:50 [Note] Server hostname (bind-address): '0.0.0.0'; port: 3306
191002 10:24:50 [Note]   - '0.0.0.0' resolves to '0.0.0.0';
191002 10:24:50 [Note] Server socket created on IP: '0.0.0.0'.
191002 10:24:50 [Note] Event Scheduler: Loaded 0 events
191002 10:24:50 [Note] /usr/sbin/mysqld: ready for connections.
Version: '5.5.60-0+deb8u1'  socket: '/var/run/mysqld/mysqld.sock'  port: 3306  (Debian)
